<?xml version="1.0" encoding="UTF-8"?>
<testng-results skipped="0" failed="0" ignored="0" total="1" passed="1">
  <reporter-output>
  </reporter-output>
  <suite name="Default suite" duration-ms="4929" started-at="2023-04-27T12:08:50Z" finished-at="2023-04-27T12:08:55Z">
    <groups>
    </groups>
    <test name="Default test" duration-ms="4929" started-at="2023-04-27T12:08:50Z" finished-at="2023-04-27T12:08:55Z">
      <class name="restassuredtestng.apitestng">
        <test-method status="PASS" signature="getRequest()[pri:0, instance:restassuredtestng.apitestng@1dc8ecb]" name="getRequest" duration-ms="4814" started-at="2023-04-27T12:08:50Z" finished-at="2023-04-27T12:08:55Z">
          <reporter-output>
          </reporter-output>
        </test-method> <!-- getRequest -->
      </class> <!-- restassuredtestng.apitestng -->
    </test> <!-- Default test -->
  </suite> <!-- Default suite -->
</testng-results>
